<?xml version="1.0" encoding="UTF-8"?>
<!-- Generated by org.testng.reporters.JUnitXMLReporter -->
<testsuite ignored="0" hostname="Shreya" failures="3" tests="11" name="SignUpAndLoginTest" time="116.208" errors="0" timestamp="2025-01-23T20:27:45 IST">
  <testcase classname="testcases.SignUpTest" name="SignupTest" time="8.716"/>
  <testcase classname="testcases.SignUpTest" name="SignupTest" time="8.513"/>
  <testcase classname="testcases.SignUpTest" name="SignupTest" time="8.615"/>
  <testcase classname="testcases.LoginTest" name="loginPageTitleTest" time="0.021"/>
  <testcase classname="testcases.LoginTest" name="loginTest" time="9.065"/>
  <testcase classname="testcases.LoginTest" name="loginTest" time="11.19"/>
  <testcase classname="testcases.LoginTest" name="loginTest" time="7.747"/>
  <testcase classname="testcases.LoginTest" name="loginTest" time="8.176"/>
  <testcase classname="testcases.HomeTest" name="verifyTitleTest" time="0.004">
    <failure type="java.lang.NullPointerException" message="Cannot invoke &amp;quot;pages.Home.verifyHomePageTitle()&amp;quot; because &amp;quot;this.homePage&amp;quot; is null">
      <![CDATA[java.lang.NullPointerException: Cannot invoke "pages.Home.verifyHomePageTitle()" because "this.homePage" is null
at testcases.HomeTest.verifyTitleTest(HomeTest.java:31)
at java.base/java.util.ArrayList.forEach(ArrayList.java:1511)
... Removed 27 stack frames]]>
    </failure>
  </testcase> <!-- verifyTitleTest -->
  <testcase classname="testcases.HomeTest" name="crmLogoImageTest" time="0.001">
    <failure type="java.lang.NullPointerException" message="Cannot invoke &amp;quot;pages.Home.verifySiteLogo()&amp;quot; because &amp;quot;this.homePage&amp;quot; is null">
      <![CDATA[java.lang.NullPointerException: Cannot invoke "pages.Home.verifySiteLogo()" because "this.homePage" is null
at testcases.HomeTest.crmLogoImageTest(HomeTest.java:37)
at java.base/java.util.ArrayList.forEach(ArrayList.java:1511)
... Removed 27 stack frames]]>
    </failure>
  </testcase> <!-- crmLogoImageTest -->
  <testcase classname="testcases.HomeTest" name="RingLinkTest" time="0.003">
    <failure type="java.lang.NullPointerException" message="Cannot invoke &amp;quot;pages.Home.clickOnRingLink()&amp;quot; because &amp;quot;this.homePage&amp;quot; is null">
      <![CDATA[java.lang.NullPointerException: Cannot invoke "pages.Home.clickOnRingLink()" because "this.homePage" is null
at testcases.HomeTest.RingLinkTest(HomeTest.java:43)
at java.base/java.util.ArrayList.forEach(ArrayList.java:1511)
... Removed 27 stack frames]]>
    </failure>
  </testcase> <!-- RingLinkTest -->
</testsuite> <!-- SignUpAndLoginTest -->
