<?xml version="1.0" encoding="UTF-8"?>
<testng-results ignored="0" total="1" passed="1" failed="0" skipped="0">
  <reporter-output>
  </reporter-output>
  <suite started-at="2025-01-23T20:54:11 IST" name="Default suite" finished-at="2025-01-23T20:54:28 IST" duration-ms="16403">
    <groups>
    </groups>
    <test started-at="2025-01-23T20:54:11 IST" name="Default test" finished-at="2025-01-23T20:54:28 IST" duration-ms="16403">
      <class name="testcases.RingTest">
        <test-method is-config="true" signature="setUp()[pri:0, instance:testcases.RingTest@32c4e8b2]" started-at="2025-01-23T20:54:11 IST" name="setUp" finished-at="2025-01-23T20:54:20 IST" duration-ms="9234" status="PASS">
          <reporter-output>
          </reporter-output>
        </test-method> <!-- setUp -->
        <test-method signature="selectRing()[pri:0, instance:testcases.RingTest@32c4e8b2]" started-at="2025-01-23T20:54:21 IST" name="selectRing" finished-at="2025-01-23T20:54:27 IST" duration-ms="6633" status="PASS">
          <reporter-output>
          </reporter-output>
        </test-method> <!-- selectRing -->
        <test-method is-config="true" signature="tearDown()[pri:0, instance:testcases.RingTest@32c4e8b2]" started-at="2025-01-23T20:54:27 IST" name="tearDown" finished-at="2025-01-23T20:54:28 IST" duration-ms="353" status="PASS">
          <reporter-output>
          </reporter-output>
        </test-method> <!-- tearDown -->
      </class> <!-- testcases.RingTest -->
    </test> <!-- Default test -->
  </suite> <!-- Default suite -->
</testng-results>
