<?xml version="1.0" encoding="UTF-8"?>
<testng-results ignored="0" total="1" passed="1" failed="0" skipped="0">
  <reporter-output>
  </reporter-output>
  <suite started-at="2025-01-24T10:37:08 IST" name="Test Suite" finished-at="2025-01-24T10:37:12 IST" duration-ms="4328">
    <groups>
    </groups>
    <test started-at="2025-01-24T10:37:08 IST" name="Sample Test" finished-at="2025-01-24T10:37:12 IST" duration-ms="4328">
      <class name="tests.LoginTest">
        <test-method signature="loginTest()[pri:0, instance:tests.LoginTest@543295b0]" started-at="2025-01-24T10:37:08 IST" name="loginTest" finished-at="2025-01-24T10:37:12 IST" duration-ms="4291" status="PASS">
          <reporter-output>
          </reporter-output>
        </test-method> <!-- loginTest -->
      </class> <!-- tests.LoginTest -->
    </test> <!-- Sample Test -->
  </suite> <!-- Test Suite -->
</testng-results>
